Build started 2017/4/9 20:31:17.
     1>Project "C:\Users\npc\Documents\Visual Studio 2015\Projects\opencv\opencv\opencv.vcxproj" on node 2 (Build target(s)).
     1>ClCompile:
         D:\VS2015\VC\bin\CL.exe /c /Zi /nologo /W3 /WX- /sdl /O2 /Oi /Oy- /GL /D WIN32 /D NDEBUG /D _CONSOLE /D _UNICODE /D UNICODE /Gm- /EHsc /MD /GS /Gy /fp:precise /Zc:wchar_t /Zc:forScope /Zc:inline /Fo"Release\\" /Fd"Release\vc140.pdb" /Gd /TP /analyze- /errorReport:prompt /D_CRT_SECURE_NO_WARNINGS preprocessing.cpp imagespilt.cpp
         preprocessing.cpp
     1>D:\opencv\build\include\opencv2/core/mat.hpp(1965): warning C4819: The file contains a character that cannot be represented in the current code page (936). Save the file in Unicode format to prevent data loss
     1>D:\opencv\build\include\opencv2/core/persistence.hpp : warning C4819: The file contains a character that cannot be represented in the current code page (936). Save the file in Unicode format to prevent data loss
     1>D:\opencv\build\include\opencv2/core/utility.hpp : warning C4819: The file contains a character that cannot be represented in the current code page (936). Save the file in Unicode format to prevent data loss
     1>D:\opencv\build\include\opencv2/core/utility.hpp : warning C4819: The file contains a character that cannot be represented in the current code page (936). Save the file in Unicode format to prevent data loss
         imagespilt.cpp
     1>D:\opencv\build\include\opencv2/core/mat.hpp(1965): warning C4819: The file contains a character that cannot be represented in the current code page (936). Save the file in Unicode format to prevent data loss
     1>D:\opencv\build\include\opencv2/core/persistence.hpp : warning C4819: The file contains a character that cannot be represented in the current code page (936). Save the file in Unicode format to prevent data loss
     1>D:\opencv\build\include\opencv2/core/utility.hpp : warning C4819: The file contains a character that cannot be represented in the current code page (936). Save the file in Unicode format to prevent data loss
     1>D:\opencv\build\include\opencv2/core/utility.hpp : warning C4819: The file contains a character that cannot be represented in the current code page (936). Save the file in Unicode format to prevent data loss
       Link:
         D:\VS2015\VC\bin\link.exe /ERRORREPORT:PROMPT /OUT:"C:\Users\npc\Documents\Visual Studio 2015\Projects\opencv\Release\opencv.exe" /INCREMENTAL:NO /NOLOGO kernel32.lib user32.lib gdi32.lib winspool.lib comdlg32.lib advapi32.lib shell32.lib ole32.lib oleaut32.lib uuid.lib odbc32.lib odbccp32.lib opencv_ts300.lib opencv_world300.lib kernel32.lib user32.lib gdi32.lib winspool.lib comdlg32.lib advapi32.lib shell32.lib ole32.lib oleaut32.lib uuid.lib odbc32.lib odbccp32.lib opencv_ts300.lib opencv_world300.lib kernel32.lib user32.lib gdi32.lib winspool.lib comdlg32.lib advapi32.lib shell32.lib ole32.lib oleaut32.lib uuid.lib odbc32.lib odbccp32.lib /MANIFEST /MANIFESTUAC:"level='asInvoker' uiAccess='false'" /manifest:embed /Debug /PDB:"C:\Users\npc\Documents\Visual Studio 2015\Projects\opencv\Release\opencv.pdb" /SUBSYSTEM:CONSOLE /OPT:REF /OPT:ICF /LTCG:incremental /TLBID:1 /DYNAMICBASE /NXCOMPAT /IMPLIB:"C:\Users\npc\Documents\Visual Studio 2015\Projects\opencv\Release\opencv.lib" /MACHINE:X86 /SAFESEH Release\preprocessing.obj
         Release\recognize.obj
         Release\imagespilt.obj
         Release\main.obj
         Generating code
         448 of 669 functions (67.0%) were compiled, the rest were copied from previous compilation.
           2 functions were new in current compilation
           57 functions had inline decision re-evaluated but remain unchanged
         Finished generating code
         opencv.vcxproj -> C:\Users\npc\Documents\Visual Studio 2015\Projects\opencv\Release\opencv.exe
     1>Done Building Project "C:\Users\npc\Documents\Visual Studio 2015\Projects\opencv\opencv\opencv.vcxproj" (Build target(s)).

Build succeeded.

Time Elapsed 00:00:03.17
